|--- feature_0 <= 8.50
|   |--- feature_0 <= 6.50
|   |   |--- feature_0 <= 4.50
|   |   |   |--- feature_0 <= 3.50
|   |   |   |   |--- feature_0 <= 2.50
|   |   |   |   |   |--- feature_0 <= 1.50
|   |   |   |   |   |   |--- value: [45000.00]
|   |   |   |   |   |--- feature_0 >  1.50
|   |   |   |   |   |   |--- value: [50000.00]
|   |   |   |   |--- feature_0 >  2.50
|   |   |   |   |   |--- value: [60000.00]
|   |   |   |--- feature_0 >  3.50
|   |   |   |   |--- value: [80000.00]
|   |   |--- feature_0 >  4.50
|   |   |   |--- feature_0 <= 5.50
|   |   |   |   |--- value: [110000.00]
|   |   |   |--- feature_0 >  5.50
|   |   |   |   |--- value: [150000.00]
|   |--- feature_0 >  6.50
|   |   |--- feature_0 <= 7.50
|   |   |   |--- value: [200000.00]
|   |   |--- feature_0 >  7.50
|   |   |   |--- value: [300000.00]
|--- feature_0 >  8.50
|   |--- feature_0 <= 9.50
|   |   |--- value: [500000.00]
|   |--- feature_0 >  9.50
|   |   |--- value: [1000000.00]
